Build started 13-01-2016 14:36:40.
     1>Project "D:\Projects\CUDAProject\CUDAPipeline\CUDASolution.vcxproj" on node 2 (Build target(s)).
     1>C:\Program Files (x86)\MSBuild\Microsoft.Cpp\v4.0\V120\Microsoft.CppBuild.targets(363,5): warning MSB8004: Intermediate Directory does not end with a trailing slash.  This build instance will add the slash as it is required to allow proper evaluation of the Intermediate Directory.
     1>C:\Program Files (x86)\MSBuild\Microsoft.Cpp\v4.0\V120\Microsoft.CppBuild.targets(364,5): warning MSB8004: Output Directory does not end with a trailing slash.  This build instance will add the slash as it is required to allow proper evaluation of the Output Directory.
     1>AddCudaCompileDeps:
         D:\Programs\Microsoft Visual Studio 12.0\VC\bin\x86_amd64\cl.exe /E /nologo /showIncludes /TP /D__CUDACC__ /DWIN32 /DWIN32 /D_MBCS /D_MBCS /I. /I..\common\inc /I.\ /ID:\Tools\CUDA\\include /I..\common\inc /ID:\Tools\CUDA\bin /ID:\Tools\CUDA\include /I. /FIcuda_runtime.h /c D:\Projects\CUDAProject\CUDAPipeline\kernel.cu 
       CudaBuild:
         Compiling CUDA source file kernel.cu...
         cmd.exe /C "C:\Users\Mindbug\AppData\Local\Temp\tmp9105e45baf4a4eef9a4be93ccf064a57.cmd"
         "D:\Tools\CUDA\bin\nvcc.exe" -gencode=arch=compute_20,code=\"sm_20,compute_20\" -gencode=arch=compute_30,code=\"sm_30,compute_30\" -gencode=arch=compute_35,code=\"sm_35,compute_35\" -gencode=arch=compute_37,code=\"sm_37,compute_37\" -gencode=arch=compute_50,code=\"sm_50,compute_50\" -gencode=arch=compute_52,code=\"sm_52,compute_52\" --use-local-env --cl-version 2013 -ccbin "D:\Programs\Microsoft Visual Studio 12.0\VC\bin\x86_amd64"  -I. -I..\common\inc -I.\ -ID:\Tools\CUDA\\include -I..\common\inc -ID:\Tools\CUDA\include     --keep-dir x64\Release -maxrregcount=0  --machine 64 --compile -cudart static -Xcompiler "/wd 4819" --expt-extended-lambda     -DWIN32 -DWIN32 -D_MBCS -D_MBCS -Xcompiler "/EHsc /W3 /nologo /O2 /Zi  /MT " -o dump\Release\kernel.cu.obj "D:\Projects\CUDAProject\CUDAPipeline\kernel.cu"
         
         D:\Projects\CUDAProject\CUDAPipeline>"D:\Tools\CUDA\bin\nvcc.exe" -gencode=arch=compute_20,code=\"sm_20,compute_20\" -gencode=arch=compute_30,code=\"sm_30,compute_30\" -gencode=arch=compute_35,code=\"sm_35,compute_35\" -gencode=arch=compute_37,code=\"sm_37,compute_37\" -gencode=arch=compute_50,code=\"sm_50,compute_50\" -gencode=arch=compute_52,code=\"sm_52,compute_52\" --use-local-env --cl-version 2013 -ccbin "D:\Programs\Microsoft Visual Studio 12.0\VC\bin\x86_amd64"  -I. -I..\common\inc -I.\ -ID:\Tools\CUDA\\include -I..\common\inc -ID:\Tools\CUDA\include     --keep-dir x64\Release -maxrregcount=0  --machine 64 --compile -cudart static -Xcompiler "/wd 4819" --expt-extended-lambda     -DWIN32 -DWIN32 -D_MBCS -D_MBCS -Xcompiler "/EHsc /W3 /nologo /O2 /Zi  /MT " -o dump\Release\kernel.cu.obj "D:\Projects\CUDAProject\CUDAPipeline\kernel.cu" 
         kernel.cu
     1>D:\Tools\CUDA\include\thrust/system/cuda/detail/bulk/execution_policy.hpp(241): warning C4267: 'argument' : conversion from 'size_t' to 'thrust::system::cuda::detail::bulk_::parallel_group<thrust::system::cuda::detail::bulk_::agent<0x01>,0x00>::size_type', possible loss of data
     1>D:\Tools\CUDA\include\thrust/system/cuda/detail/bulk/execution_policy.hpp(303): warning C4267: 'argument' : conversion from 'size_t' to 'thrust::system::cuda::detail::bulk_::parallel_group<thrust::system::cuda::detail::bulk_::agent<0x01>,0x00>::size_type', possible loss of data
     1>D:\Tools\CUDA\include\thrust/system/cuda/detail/bulk/execution_policy.hpp(319): warning C4267: 'argument' : conversion from 'size_t' to 'thrust::system::cuda::detail::bulk_::parallel_group<thrust::system::cuda::detail::bulk_::agent<0x01>,0x00>::size_type', possible loss of data
     1>D:\Tools\CUDA\include\thrust/system/cuda/detail/bulk/execution_policy.hpp(439): warning C4267: 'argument' : conversion from 'size_t' to 'thrust::system::cuda::detail::bulk_::concurrent_group<thrust::system::cuda::detail::bulk_::agent<0x01>,0x00>::size_type', possible loss of data
     1>D:\Tools\CUDA\include\thrust/system/cuda/detail/bulk/execution_policy.hpp(250): warning C4267: 'argument' : conversion from 'size_t' to 'thrust::system::cuda::detail::bulk_::parallel_group<thrust::system::cuda::detail::bulk_::concurrent_group<thrust::system::cuda::detail::bulk_::agent<0x01>,0x00>,0x00>::size_type', possible loss of data
                 D:\Tools\CUDA\include\thrust/system/cuda/detail/bulk/execution_policy.hpp(625) : see reference to function template instantiation 'thrust::system::cuda::detail::bulk_::parallel_group<thrust::system::cuda::detail::bulk_::concurrent_group<thrust::system::cuda::detail::bulk_::agent<0x01>,0x00>,0x00> thrust::system::cuda::detail::bulk_::par<thrust::system::cuda::detail::bulk_::concurrent_group<thrust::system::cuda::detail::bulk_::agent<0x01>,0x00>>(ExecutionAgent,size_t)' being compiled
                 with
                 [
                     ExecutionAgent=thrust::system::cuda::detail::bulk_::concurrent_group<thrust::system::cuda::detail::bulk_::agent<0x01>,0x00>
                 ]
     1>D:\Tools\CUDA\include\thrust/system/cuda/detail/bulk/detail/cuda_launcher/cuda_launcher.hpp(155): warning C4267: 'return' : conversion from 'size_t' to 'int', possible loss of data
                 D:\Tools\CUDA\include\thrust/system/cuda/detail/bulk/detail/cuda_launcher/cuda_launcher.hpp(148) : while compiling class template member function 'int thrust::system::cuda::detail::bulk_::detail::cuda_launcher_base<0,thrust::system::cuda::detail::bulk_::parallel_group<thrust::system::cuda::detail::bulk_::concurrent_group<thrust::system::cuda::detail::bulk_::agent<0x01>,0x00>,0x00>,Closure>::choose_group_size(int)'
                 with
                 [
                     Closure=thrust::system::cuda::detail::bulk_::detail::closure<thrust::system::cuda::detail::for_each_n_detail::for_each_kernel,thrust::tuple<thrust::system::cuda::detail::bulk_::detail::cursor<0>,thrust::zip_iterator<thrust::tuple<thrust::detail::normal_iterator<thrust::device_ptr<float>>,thrust::detail::normal_iterator<thrust::device_ptr<float>>,thrust::null_type,thrust::null_type,thrust::null_type,thrust::null_type,thrust::null_type,thrust::null_type,thrust::null_type,thrust::null_type>>,thrust::detail::wrapped_function<thrust::detail::unary_transform_functor<__nv_device_lambda_wrapper_t<int (__cdecl *)(void),int test(void),1,>>,void>,unsigned int,thrust::null_type,thrust::null_type,thrust::null_type,thrust::null_type,thrust::null_type,thrust::null_type>>
                 ]
                 D:\Tools\CUDA\include\thrust/system/cuda/detail/bulk/detail/cuda_launcher/cuda_launcher.hpp(305) : see reference to function template instantiation 'int thrust::system::cuda::detail::bulk_::detail::cuda_launcher_base<0,thrust::system::cuda::detail::bulk_::parallel_group<thrust::system::cuda::detail::bulk_::concurrent_group<thrust::system::cuda::detail::bulk_::agent<0x01>,0x00>,0x00>,Closure>::choose_group_size(int)' being compiled
                 with
                 [
                     Closure=thrust::system::cuda::detail::bulk_::detail::closure<thrust::system::cuda::detail::for_each_n_detail::for_each_kernel,thrust::tuple<thrust::system::cuda::detail::bulk_::detail::cursor<0>,thrust::zip_iterator<thrust::tuple<thrust::detail::normal_iterator<thrust::device_ptr<float>>,thrust::detail::normal_iterator<thrust::device_ptr<float>>,thrust::null_type,thrust::null_type,thrust::null_type,thrust::null_type,thrust::null_type,thrust::null_type,thrust::null_type,thrust::null_type>>,thrust::detail::wrapped_function<thrust::detail::unary_transform_functor<__nv_device_lambda_wrapper_t<int (__cdecl *)(void),int test(void),1,>>,void>,unsigned int,thrust::null_type,thrust::null_type,thrust::null_type,thrust::null_type,thrust::null_type,thrust::null_type>>
                 ]
                 D:\Tools\CUDA\include\thrust/system/cuda/detail/bulk/detail/cuda_launcher/cuda_launcher.hpp(228) : see reference to class template instantiation 'thrust::system::cuda::detail::bulk_::detail::cuda_launcher_base<0,thrust::system::cuda::detail::bulk_::parallel_group<thrust::system::cuda::detail::bulk_::concurrent_group<thrust::system::cuda::detail::bulk_::agent<0x01>,0x00>,0x00>,Closure>' being compiled
                 with
                 [
                     Closure=thrust::system::cuda::detail::bulk_::detail::closure<thrust::system::cuda::detail::for_each_n_detail::for_each_kernel,thrust::tuple<thrust::system::cuda::detail::bulk_::detail::cursor<0>,thrust::zip_iterator<thrust::tuple<thrust::detail::normal_iterator<thrust::device_ptr<float>>,thrust::detail::normal_iterator<thrust::device_ptr<float>>,thrust::null_type,thrust::null_type,thrust::null_type,thrust::null_type,thrust::null_type,thrust::null_type,thrust::null_type,thrust::null_type>>,thrust::detail::wrapped_function<thrust::detail::unary_transform_functor<__nv_device_lambda_wrapper_t<int (__cdecl *)(void),int test(void),1,>>,void>,unsigned int,thrust::null_type,thrust::null_type,thrust::null_type,thrust::null_type,thrust::null_type,thrust::null_type>>
                 ]
                 D:\Tools\CUDA\include\thrust/system/cuda/detail/bulk/detail/choose_sizes.inl(41) : see reference to class template instantiation 'thrust::system::cuda::detail::bulk_::detail::cuda_launcher<thrust::system::cuda::detail::bulk_::parallel_group<thrust::system::cuda::detail::bulk_::concurrent_group<thrust::system::cuda::detail::bulk_::agent<0x01>,0x00>,0x00>,Closure>' being compiled
                 with
                 [
                     Closure=thrust::system::cuda::detail::bulk_::detail::closure<thrust::system::cuda::detail::for_each_n_detail::for_each_kernel,thrust::tuple<thrust::system::cuda::detail::bulk_::detail::cursor<0>,thrust::zip_iterator<thrust::tuple<thrust::detail::normal_iterator<thrust::device_ptr<float>>,thrust::detail::normal_iterator<thrust::device_ptr<float>>,thrust::null_type,thrust::null_type,thrust::null_type,thrust::null_type,thrust::null_type,thrust::null_type,thrust::null_type,thrust::null_type>>,thrust::detail::wrapped_function<thrust::detail::unary_transform_functor<__nv_device_lambda_wrapper_t<int (__cdecl *)(void),int test(void),1,>>,void>,unsigned int,thrust::null_type,thrust::null_type,thrust::null_type,thrust::null_type,thrust::null_type,thrust::null_type>>
                 ]
                 D:\Tools\CUDA\include\thrust/system/cuda/detail/bulk/detail/choose_sizes.inl(96) : see reference to function template instantiation 'thrust::pair<int,int> thrust::system::cuda::detail::bulk_::detail::choose_sizes<thrust::system::cuda::detail::bulk_::detail::closure<thrust::system::cuda::detail::for_each_n_detail::for_each_kernel,thrust::tuple<thrust::system::cuda::detail::bulk_::detail::cursor<0>,thrust::zip_iterator<thrust::tuple<thrust::detail::normal_iterator<thrust::device_ptr<T>>,thrust::detail::normal_iterator<thrust::device_ptr<T>>,thrust::null_type,thrust::null_type,thrust::null_type,thrust::null_type,thrust::null_type,thrust::null_type,thrust::null_type,thrust::null_type>>,thrust::detail::wrapped_function<thrust::detail::unary_transform_functor<__nv_device_lambda_wrapper_t<int (__cdecl *)(void),int test(void),1,>>,void>,unsigned int,thrust::null_type,thrust::null_type,thrust::null_type,thrust::null_type,thrust::null_type,thrust::null_type>>>(thrust::system::cuda::detail::bulk_::parallel_group<thrust::system::cuda::detail::bulk_::concurrent_group<thrust::system::cuda::detail::bulk_::agent<0x01>,0x00>,0x00>,Closure)' being compiled
                 with
                 [
                     T=float
         ,            Closure=thrust::system::cuda::detail::bulk_::detail::closure<thrust::system::cuda::detail::for_each_n_detail::for_each_kernel,thrust::tuple<thrust::system::cuda::detail::bulk_::detail::cursor<0>,thrust::zip_iterator<thrust::tuple<thrust::detail::normal_iterator<thrust::device_ptr<float>>,thrust::detail::normal_iterator<thrust::device_ptr<float>>,thrust::null_type,thrust::null_type,thrust::null_type,thrust::null_type,thrust::null_type,thrust::null_type,thrust::null_type,thrust::null_type>>,thrust::detail::wrapped_function<thrust::detail::unary_transform_functor<__nv_device_lambda_wrapper_t<int (__cdecl *)(void),int test(void),1,>>,void>,unsigned int,thrust::null_type,thrust::null_type,thrust::null_type,thrust::null_type,thrust::null_type,thrust::null_type>>
                 ]
                 D:\Tools\CUDA\include\thrust/system/cuda/detail/for_each.inl(125) : see reference to function template instantiation 'thrust::pair<int,int> thrust::system::cuda::detail::bulk_::choose_sizes<thrust::system::cuda::detail::for_each_n_detail::for_each_kernel,thrust::system::cuda::detail::bulk_::detail::cursor<0>,RandomAccessIterator,thrust::detail::wrapped_function<thrust::detail::unary_transform_functor<__nv_device_lambda_wrapper_t<int (__cdecl *)(void),int test(void),1,>>,void>,unsigned int>(thrust::system::cuda::detail::bulk_::parallel_group<thrust::system::cuda::detail::bulk_::concurrent_group<thrust::system::cuda::detail::bulk_::agent<0x01>,0x00>,0x00>,Function,Arg1,Arg2,Arg3,Arg4)' being compiled
                 with
                 [
                     RandomAccessIterator=thrust::zip_iterator<thrust::tuple<thrust::detail::normal_iterator<thrust::device_ptr<float>>,thrust::detail::normal_iterator<thrust::device_ptr<float>>,thrust::null_type,thrust::null_type,thrust::null_type,thrust::null_type,thrust::null_type,thrust::null_type,thrust::null_type,thrust::null_type>>
         ,            Function=thrust::system::cuda::detail::for_each_n_detail::for_each_kernel
         ,            Arg1=thrust::system::cuda::detail::bulk_::detail::cursor<0>
         ,            Arg2=thrust::zip_iterator<thrust::tuple<thrust::detail::normal_iterator<thrust::device_ptr<float>>,thrust::detail::normal_iterator<thrust::device_ptr<float>>,thrust::null_type,thrust::null_type,thrust::null_type,thrust::null_type,thrust::null_type,thrust::null_type,thrust::null_type,thrust::null_type>>
         ,            Arg3=thrust::detail::wrapped_function<thrust::detail::unary_transform_functor<__nv_device_lambda_wrapper_t<int (__cdecl *)(void),int test(void),1,>>,void>
         ,            Arg4=unsigned int
                 ]
                 D:\Tools\CUDA\include\thrust/device_reference.h(279) : while compiling class template member function 'thrust::device_reference<T>::device_reference(const thrust::device_ptr<T> &)'
                 with
                 [
                     T=float
                 ]
                 D:\Tools\CUDA\include\thrust/detail/pointer.inl(72) : see reference to function template instantiation 'thrust::device_reference<T>::device_reference(const thrust::device_ptr<T> &)' being compiled
                 with
                 [
                     T=float
                 ]
                 D:/Projects/CUDAProject/CUDAPipeline/kernel.cu(57) : see reference to class template instantiation 'thrust::device_reference<T>' being compiled
                 with
                 [
                     T=float
                 ]
     1>D:\Tools\CUDA\include\thrust/system/cuda/detail/bulk/detail/cuda_launcher/cuda_launcher.hpp(85): warning C4267: 'return' : conversion from 'size_t' to 'int', possible loss of data
                 D:\Tools\CUDA\include\thrust/system/cuda/detail/bulk/detail/cuda_launcher/cuda_launcher.hpp(84) : while compiling class template member function 'int thrust::system::cuda::detail::bulk_::detail::cuda_launcher_base<0,thrust::system::cuda::detail::bulk_::parallel_group<thrust::system::cuda::detail::bulk_::concurrent_group<thrust::system::cuda::detail::bulk_::agent<0x01>,0x00>,0x00>,Closure>::max_active_blocks_per_multiprocessor(const thrust::system::cuda::detail::bulk_::detail::device_properties_t &,const thrust::system::cuda::detail::bulk_::detail::function_attributes_t &,int,int)'
                 with
                 [
                     Closure=thrust::system::cuda::detail::bulk_::detail::closure<thrust::system::cuda::detail::for_each_n_detail::for_each_kernel,thrust::tuple<thrust::system::cuda::detail::bulk_::detail::cursor<0>,thrust::zip_iterator<thrust::tuple<thrust::detail::normal_iterator<thrust::device_ptr<float>>,thrust::detail::normal_iterator<thrust::device_ptr<float>>,thrust::null_type,thrust::null_type,thrust::null_type,thrust::null_type,thrust::null_type,thrust::null_type,thrust::null_type,thrust::null_type>>,thrust::detail::wrapped_function<thrust::detail::unary_transform_functor<__nv_device_lambda_wrapper_t<int (__cdecl *)(void),int test(void),1,>>,void>,unsigned int,thrust::null_type,thrust::null_type,thrust::null_type,thrust::null_type,thrust::null_type,thrust::null_type>>
                 ]
                 D:\Tools\CUDA\include\thrust/system/cuda/detail/bulk/detail/cuda_launcher/cuda_launcher.hpp(96) : see reference to function template instantiation 'int thrust::system::cuda::detail::bulk_::detail::cuda_launcher_base<0,thrust::system::cuda::detail::bulk_::parallel_group<thrust::system::cuda::detail::bulk_::concurrent_group<thrust::system::cuda::detail::bulk_::agent<0x01>,0x00>,0x00>,Closure>::max_active_blocks_per_multiprocessor(const thrust::system::cuda::detail::bulk_::detail::device_properties_t &,const thrust::system::cuda::detail::bulk_::detail::function_attributes_t &,int,int)' being compiled
                 with
                 [
                     Closure=thrust::system::cuda::detail::bulk_::detail::closure<thrust::system::cuda::detail::for_each_n_detail::for_each_kernel,thrust::tuple<thrust::system::cuda::detail::bulk_::detail::cursor<0>,thrust::zip_iterator<thrust::tuple<thrust::detail::normal_iterator<thrust::device_ptr<float>>,thrust::detail::normal_iterator<thrust::device_ptr<float>>,thrust::null_type,thrust::null_type,thrust::null_type,thrust::null_type,thrust::null_type,thrust::null_type,thrust::null_type,thrust::null_type>>,thrust::detail::wrapped_function<thrust::detail::unary_transform_functor<__nv_device_lambda_wrapper_t<int (__cdecl *)(void),int test(void),1,>>,void>,unsigned int,thrust::null_type,thrust::null_type,thrust::null_type,thrust::null_type,thrust::null_type,thrust::null_type>>
                 ]
     1>D:\Tools\CUDA\include\thrust/detail/internal_functional.h(322): warning C4244: '=' : conversion from 'int' to 'float', possible loss of data
                 D:\Tools\CUDA\include\thrust/detail/function.h(60) : see reference to function template instantiation 'void thrust::detail::unary_transform_functor<__nv_device_lambda_wrapper_t<int (__cdecl *)(void),int test(void),1,>>::operator ()<thrust::detail::tuple_of_iterator_references<float &,float &,thrust::null_type,thrust::null_type,thrust::null_type,thrust::null_type,thrust::null_type,thrust::null_type,thrust::null_type,thrust::null_type>>(Tuple)' being compiled
                 with
                 [
                     Tuple=thrust::detail::tuple_of_iterator_references<float &,float &,thrust::null_type,thrust::null_type,thrust::null_type,thrust::null_type,thrust::null_type,thrust::null_type,thrust::null_type,thrust::null_type>
                 ]
                 D:\Tools\CUDA\include\thrust/detail/function.h(60) : see reference to function template instantiation 'void thrust::detail::unary_transform_functor<__nv_device_lambda_wrapper_t<int (__cdecl *)(void),int test(void),1,>>::operator ()<thrust::detail::tuple_of_iterator_references<float &,float &,thrust::null_type,thrust::null_type,thrust::null_type,thrust::null_type,thrust::null_type,thrust::null_type,thrust::null_type,thrust::null_type>>(Tuple)' being compiled
                 with
                 [
                     Tuple=thrust::detail::tuple_of_iterator_references<float &,float &,thrust::null_type,thrust::null_type,thrust::null_type,thrust::null_type,thrust::null_type,thrust::null_type,thrust::null_type,thrust::null_type>
                 ]
                 D:\Tools\CUDA\include\thrust/system/detail/sequential/for_each.h(83) : see reference to function template instantiation 'Result thrust::detail::wrapped_function<thrust::detail::unary_transform_functor<__nv_device_lambda_wrapper_t<int (__cdecl *)(void),int test(void),1,>>,Result>::operator ()<thrust::detail::tuple_of_iterator_references<thrust::device_reference<T>,thrust::device_reference<T>,thrust::null_type,thrust::null_type,thrust::null_type,thrust::null_type,thrust::null_type,thrust::null_type,thrust::null_type,thrust::null_type>>(const Argument &) const' being compiled
                 with
                 [
                     Result=void
         ,            T=float
         ,            Argument=thrust::detail::tuple_of_iterator_references<thrust::device_reference<float>,thrust::device_reference<float>,thrust::null_type,thrust::null_type,thrust::null_type,thrust::null_type,thrust::null_type,thrust::null_type,thrust::null_type,thrust::null_type>
                 ]
                 D:\Tools\CUDA\include\thrust/system/detail/sequential/for_each.h(83) : see reference to function template instantiation 'Result thrust::detail::wrapped_function<thrust::detail::unary_transform_functor<__nv_device_lambda_wrapper_t<int (__cdecl *)(void),int test(void),1,>>,Result>::operator ()<thrust::detail::tuple_of_iterator_references<thrust::device_reference<T>,thrust::device_reference<T>,thrust::null_type,thrust::null_type,thrust::null_type,thrust::null_type,thrust::null_type,thrust::null_type,thrust::null_type,thrust::null_type>>(const Argument &) const' being compiled
                 with
                 [
                     Result=void
         ,            T=float
         ,            Argument=thrust::detail::tuple_of_iterator_references<thrust::device_reference<float>,thrust::device_reference<float>,thrust::null_type,thrust::null_type,thrust::null_type,thrust::null_type,thrust::null_type,thrust::null_type,thrust::null_type,thrust::null_type>
                 ]
                 D:\Tools\CUDA\include\thrust/detail/for_each.inl(71) : see reference to function template instantiation 'InputIterator thrust::system::detail::sequential::for_each_n<thrust::detail::seq_t,InputIterator,Size,UnaryFunction>(thrust::system::detail::sequential::execution_policy<thrust::detail::seq_t> &,InputIterator,Size,UnaryFunction)' being compiled
                 with
                 [
                     InputIterator=thrust::zip_iterator<thrust::tuple<thrust::detail::normal_iterator<thrust::device_ptr<float>>,thrust::detail::normal_iterator<thrust::device_ptr<float>>,thrust::null_type,thrust::null_type,thrust::null_type,thrust::null_type,thrust::null_type,thrust::null_type,thrust::null_type,thrust::null_type>>
         ,            Size=__int64
         ,            UnaryFunction=thrust::detail::unary_transform_functor<__nv_device_lambda_wrapper_t<int (__cdecl *)(void),int test(void),1,>>
                 ]
                 D:\Tools\CUDA\include\thrust/system/cuda/detail/for_each.inl(152) : see reference to function template instantiation 'InputIterator thrust::for_each_n<DerivedPolicy,RandomAccessIterator,Size,UnaryFunction>(const thrust::detail::execution_policy_base<DerivedPolicy> &,InputIterator,Size,UnaryFunction)' being compiled
                 with
                 [
                     InputIterator=thrust::zip_iterator<thrust::tuple<thrust::detail::normal_iterator<thrust::device_ptr<float>>,thrust::detail::normal_iterator<thrust::device_ptr<float>>,thrust::null_type,thrust::null_type,thrust::null_type,thrust::null_type,thrust::null_type,thrust::null_type,thrust::null_type,thrust::null_type>>
         ,            DerivedPolicy=thrust::detail::seq_t
         ,            RandomAccessIterator=thrust::zip_iterator<thrust::tuple<thrust::detail::normal_iterator<thrust::device_ptr<float>>,thrust::detail::normal_iterator<thrust::device_ptr<float>>,thrust::null_type,thrust::null_type,thrust::null_type,thrust::null_type,thrust::null_type,thrust::null_type,thrust::null_type,thrust::null_type>>
         ,            Size=__int64
         ,            UnaryFunction=thrust::detail::unary_transform_functor<__nv_device_lambda_wrapper_t<int (__cdecl *)(void),int test(void),1,>>
                 ]
     1>D:\Tools\CUDA\include\thrust/detail/pair.inl(46): warning C4267: 'initializing' : conversion from 'size_t' to 'int', possible loss of data
                 D:\Tools\CUDA\include\thrust/system/cuda/detail/bulk/detail/cuda_launcher/cuda_launcher.hpp(101) : see reference to function template instantiation 'thrust::pair<int,int>::pair<size_t,int>(const thrust::pair<size_t,int> &)' being compiled
                 D:\Tools\CUDA\include\thrust/system/cuda/detail/bulk/detail/cuda_launcher/cuda_launcher.hpp(101) : see reference to function template instantiation 'thrust::pair<int,int>::pair<size_t,int>(const thrust::pair<size_t,int> &)' being compiled
                 D:\Tools\CUDA\include\thrust/system/cuda/detail/bulk/detail/cuda_launcher/cuda_launcher.hpp(94) : while compiling class template member function 'thrust::pair<int,int> thrust::system::cuda::detail::bulk_::detail::cuda_launcher_base<0,thrust::system::cuda::detail::bulk_::parallel_group<thrust::system::cuda::detail::bulk_::concurrent_group<thrust::system::cuda::detail::bulk_::agent<0x01>,0x00>,0x00>,Closure>::dynamic_smem_occupancy_limit(const thrust::system::cuda::detail::bulk_::detail::device_properties_t &,const thrust::system::cuda::detail::bulk_::detail::function_attributes_t &,int,int)'
                 with
                 [
                     Closure=thrust::system::cuda::detail::bulk_::detail::closure<thrust::system::cuda::detail::for_each_n_detail::for_each_kernel,thrust::tuple<thrust::system::cuda::detail::bulk_::detail::cursor<0>,thrust::zip_iterator<thrust::tuple<thrust::detail::normal_iterator<thrust::device_ptr<float>>,thrust::detail::normal_iterator<thrust::device_ptr<float>>,thrust::null_type,thrust::null_type,thrust::null_type,thrust::null_type,thrust::null_type,thrust::null_type,thrust::null_type,thrust::null_type>>,thrust::detail::wrapped_function<thrust::detail::unary_transform_functor<__nv_device_lambda_wrapper_t<int (__cdecl *)(void),int test(void),1,>>,void>,unsigned int,thrust::null_type,thrust::null_type,thrust::null_type,thrust::null_type,thrust::null_type,thrust::null_type>>
                 ]
                 D:\Tools\CUDA\include\thrust/system/cuda/detail/bulk/detail/cuda_launcher/cuda_launcher.hpp(119) : see reference to function template instantiation 'thrust::pair<int,int> thrust::system::cuda::detail::bulk_::detail::cuda_launcher_base<0,thrust::system::cuda::detail::bulk_::parallel_group<thrust::system::cuda::detail::bulk_::concurrent_group<thrust::system::cuda::detail::bulk_::agent<0x01>,0x00>,0x00>,Closure>::dynamic_smem_occupancy_limit(const thrust::system::cuda::detail::bulk_::detail::device_properties_t &,const thrust::system::cuda::detail::bulk_::detail::function_attributes_t &,int,int)' being compiled
                 with
                 [
                     Closure=thrust::system::cuda::detail::bulk_::detail::closure<thrust::system::cuda::detail::for_each_n_detail::for_each_kernel,thrust::tuple<thrust::system::cuda::detail::bulk_::detail::cursor<0>,thrust::zip_iterator<thrust::tuple<thrust::detail::normal_iterator<thrust::device_ptr<float>>,thrust::detail::normal_iterator<thrust::device_ptr<float>>,thrust::null_type,thrust::null_type,thrust::null_type,thrust::null_type,thrust::null_type,thrust::null_type,thrust::null_type,thrust::null_type>>,thrust::detail::wrapped_function<thrust::detail::unary_transform_functor<__nv_device_lambda_wrapper_t<int (__cdecl *)(void),int test(void),1,>>,void>,unsigned int,thrust::null_type,thrust::null_type,thrust::null_type,thrust::null_type,thrust::null_type,thrust::null_type>>
                 ]
       Link:
         D:\Programs\Microsoft Visual Studio 12.0\VC\bin\x86_amd64\link.exe /ERRORREPORT:PROMPT /OUT:"bin\Release\\CUDAPipeline.exe" /NOLOGO /LIBPATH:D:\Tools\CUDA\lib\x64 /LIBPATH:..\common\lib\x64 glew64.lib cudart_static.lib freeglut.lib kernel32.lib user32.lib gdi32.lib winspool.lib comdlg32.lib advapi32.lib shell32.lib ole32.lib oleaut32.lib uuid.lib odbc32.lib odbccp32.lib kernel32.lib user32.lib gdi32.lib winspool.lib comdlg32.lib advapi32.lib shell32.lib ole32.lib oleaut32.lib uuid.lib odbc32.lib odbccp32.lib /MANIFEST /MANIFESTUAC:"level='asInvoker' uiAccess='false'" /manifest:embed /PDB:"bin\Release\CUDAPipeline.pdb" /SUBSYSTEM:CONSOLE /LTCG /TLBID:1 /DYNAMICBASE /NXCOMPAT /IMPLIB:"bin\Release\CUDAPipeline.lib" /MACHINE:X64 dump\Release\kernel.cu.obj
         dump\Release\engine.obj
            Creating library bin\Release\CUDAPipeline.lib and object bin\Release\CUDAPipeline.exp
         Generating code
         Finished generating code
         CUDASolution.vcxproj -> D:\Projects\CUDAProject\CUDAPipeline\bin\Release\CUDAPipeline.exe
     1>Done Building Project "D:\Projects\CUDAProject\CUDAPipeline\CUDASolution.vcxproj" (Build target(s)).

Build succeeded.

Time Elapsed 00:00:31.82
