Build started 11-01-2016 15:25:41.
     1>Project "D:\Projects\CUDAProject\CUDAPipeline\CUDASolution.vcxproj" on node 2 (Build target(s)).
     1>AddCudaCompileDeps:
         D:\Programs\Microsoft Visual Studio 12.0\VC\bin\x86_amd64\cl.exe /E /nologo /showIncludes /TP /D__CUDACC__ /DWIN32 /DWIN32 /D_MBCS /D_MBCS /I./ /I../common/inc /I./ /ID:\Tools\CUDA\/include /I../common/inc /ID:\Tools\CUDA\bin /ID:\Tools\CUDA\include /I. /FIcuda_runtime.h /c D:\Projects\CUDAProject\CUDAPipeline\kernel.cu 
       CudaBuild:
         Compiling CUDA source file kernel.cu...
         cmd.exe /C "C:\Users\Mindbug\AppData\Local\Temp\tmpb0309c8f3be040b888f9d57b455d4c90.cmd"
         "D:\Tools\CUDA\bin\nvcc.exe" -gencode=arch=compute_20,code=\"sm_20,compute_20\" -gencode=arch=compute_30,code=\"sm_30,compute_30\" -gencode=arch=compute_35,code=\"sm_35,compute_35\" -gencode=arch=compute_37,code=\"sm_37,compute_37\" -gencode=arch=compute_50,code=\"sm_50,compute_50\" -gencode=arch=compute_52,code=\"sm_52,compute_52\" --use-local-env --cl-version 2013 -ccbin "D:\Programs\Microsoft Visual Studio 12.0\VC\bin\x86_amd64"  -I./ -I../common/inc -I./ -ID:\Tools\CUDA\/include -I../common/inc -ID:\Tools\CUDA\include  -G   --keep-dir x64\Debug -maxrregcount=0  --machine 64 --compile -cudart static -Xcompiler "/wd 4819"  -g   -DWIN32 -DWIN32 -D_MBCS -D_MBCS -Xcompiler "/EHsc /W3 /nologo /Od /Zi /RTC1 /MTd " -o dump/Debug/kernel.cu.obj "D:\Projects\CUDAProject\CUDAPipeline\kernel.cu"
         
         D:\Projects\CUDAProject\CUDAPipeline>"D:\Tools\CUDA\bin\nvcc.exe" -gencode=arch=compute_20,code=\"sm_20,compute_20\" -gencode=arch=compute_30,code=\"sm_30,compute_30\" -gencode=arch=compute_35,code=\"sm_35,compute_35\" -gencode=arch=compute_37,code=\"sm_37,compute_37\" -gencode=arch=compute_50,code=\"sm_50,compute_50\" -gencode=arch=compute_52,code=\"sm_52,compute_52\" --use-local-env --cl-version 2013 -ccbin "D:\Programs\Microsoft Visual Studio 12.0\VC\bin\x86_amd64"  -I./ -I../common/inc -I./ -ID:\Tools\CUDA\/include -I../common/inc -ID:\Tools\CUDA\include  -G   --keep-dir x64\Debug -maxrregcount=0  --machine 64 --compile -cudart static -Xcompiler "/wd 4819"  -g   -DWIN32 -DWIN32 -D_MBCS -D_MBCS -Xcompiler "/EHsc /W3 /nologo /Od /Zi /RTC1 /MTd " -o dump/Debug/kernel.cu.obj "D:\Projects\CUDAProject\CUDAPipeline\kernel.cu" 
         kernel.cu
     1>D:\Tools\CUDA\include\thrust/system/cuda/detail/bulk/execution_policy.hpp(241): warning C4267: 'argument' : conversion from 'size_t' to 'thrust::system::cuda::detail::bulk_::parallel_group<thrust::system::cuda::detail::bulk_::agent<0x01>,0x00>::size_type', possible loss of data
     1>D:\Tools\CUDA\include\thrust/system/cuda/detail/bulk/execution_policy.hpp(303): warning C4267: 'argument' : conversion from 'size_t' to 'thrust::system::cuda::detail::bulk_::parallel_group<thrust::system::cuda::detail::bulk_::agent<0x01>,0x00>::size_type', possible loss of data
     1>D:\Tools\CUDA\include\thrust/system/cuda/detail/bulk/execution_policy.hpp(319): warning C4267: 'argument' : conversion from 'size_t' to 'thrust::system::cuda::detail::bulk_::parallel_group<thrust::system::cuda::detail::bulk_::agent<0x01>,0x00>::size_type', possible loss of data
     1>D:\Tools\CUDA\include\thrust/system/cuda/detail/bulk/execution_policy.hpp(439): warning C4267: 'argument' : conversion from 'size_t' to 'thrust::system::cuda::detail::bulk_::concurrent_group<thrust::system::cuda::detail::bulk_::agent<0x01>,0x00>::size_type', possible loss of data
     1>D:\Tools\CUDA\include\thrust/system/cuda/detail/bulk/execution_policy.hpp(250): warning C4267: 'argument' : conversion from 'size_t' to 'thrust::system::cuda::detail::bulk_::parallel_group<thrust::system::cuda::detail::bulk_::concurrent_group<thrust::system::cuda::detail::bulk_::agent<0x01>,0x00>,0x00>::size_type', possible loss of data
                 D:\Tools\CUDA\include\thrust/system/cuda/detail/bulk/execution_policy.hpp(625) : see reference to function template instantiation 'thrust::system::cuda::detail::bulk_::parallel_group<thrust::system::cuda::detail::bulk_::concurrent_group<thrust::system::cuda::detail::bulk_::agent<0x01>,0x00>,0x00> thrust::system::cuda::detail::bulk_::par<thrust::system::cuda::detail::bulk_::concurrent_group<thrust::system::cuda::detail::bulk_::agent<0x01>,0x00>>(ExecutionAgent,size_t)' being compiled
                 with
                 [
                     ExecutionAgent=thrust::system::cuda::detail::bulk_::concurrent_group<thrust::system::cuda::detail::bulk_::agent<0x01>,0x00>
                 ]
       Link:
         D:\Programs\Microsoft Visual Studio 12.0\VC\bin\x86_amd64\link.exe /ERRORREPORT:PROMPT /OUT:"bin/Debug//CUDAPipeline.exe" /INCREMENTAL /NOLOGO /LIBPATH:D:\Tools\CUDA\lib\x64 /LIBPATH:../common/lib/x64 glew64.lib cudart_static.lib freeglut.lib kernel32.lib user32.lib gdi32.lib winspool.lib comdlg32.lib advapi32.lib shell32.lib ole32.lib oleaut32.lib uuid.lib odbc32.lib odbccp32.lib kernel32.lib user32.lib gdi32.lib winspool.lib comdlg32.lib advapi32.lib shell32.lib ole32.lib oleaut32.lib uuid.lib odbc32.lib odbccp32.lib /MANIFEST /MANIFESTUAC:"level='asInvoker' uiAccess='false'" /manifest:embed /DEBUG /PDB:"bin/Debug/CUDAPipeline.pdb" /SUBSYSTEM:CONSOLE /TLBID:1 /DYNAMICBASE /NXCOMPAT /IMPLIB:"bin/Debug/CUDAPipeline.lib" /MACHINE:X64 dump/Debug/kernel.cu.obj
         dump/Debug/engine.obj
            Creating library bin/Debug/CUDAPipeline.lib and object bin/Debug/CUDAPipeline.exp
         CUDASolution.vcxproj -> D:\Projects\CUDAProject\CUDAPipeline\bin/Debug/CUDAPipeline.exe
     1>Done Building Project "D:\Projects\CUDAProject\CUDAPipeline\CUDASolution.vcxproj" (Build target(s)).

Build succeeded.

Time Elapsed 00:00:25.31
